Spark Command: /usr/lib/jvm/java-8-openjdk-amd64/bin/java -cp /opt/spark/spark-2.1.1-bin-hadoop2.7/conf/:/opt/spark/spark-2.1.1-bin-hadoop2.7/jars/* -Xmx1g org.apache.spark.deploy.worker.Worker --webui-port 8081 spark://cai-HP-Pavilion-Notebook:7077
========================================
Using Spark's default log4j profile: org/apache/spark/log4j-defaults.properties
17/06/14 10:19:40 INFO Worker: Started daemon with process name: 3315@cai-HP-Pavilion-Notebook
17/06/14 10:19:40 INFO SignalUtils: Registered signal handler for TERM
17/06/14 10:19:40 INFO SignalUtils: Registered signal handler for HUP
17/06/14 10:19:40 INFO SignalUtils: Registered signal handler for INT
17/06/14 10:19:40 WARN NativeCodeLoader: Unable to load native-hadoop library for your platform... using builtin-java classes where applicable
17/06/14 10:19:40 INFO SecurityManager: Changing view acls to: cai
17/06/14 10:19:40 INFO SecurityManager: Changing modify acls to: cai
17/06/14 10:19:40 INFO SecurityManager: Changing view acls groups to: 
17/06/14 10:19:40 INFO SecurityManager: Changing modify acls groups to: 
17/06/14 10:19:40 INFO SecurityManager: SecurityManager: authentication disabled; ui acls disabled; users  with view permissions: Set(cai); groups with view permissions: Set(); users  with modify permissions: Set(cai); groups with modify permissions: Set()
17/06/14 10:19:40 INFO Utils: Successfully started service 'sparkWorker' on port 32769.
17/06/14 10:19:41 INFO Worker: Starting Spark worker 127.0.0.1:32769 with 4 cores, 2.7 GB RAM
17/06/14 10:19:41 INFO Worker: Running Spark version 2.1.1
17/06/14 10:19:41 INFO Worker: Spark home: /opt/spark/spark-2.1.1-bin-hadoop2.7
17/06/14 10:19:41 INFO Utils: Successfully started service 'WorkerUI' on port 8081.
17/06/14 10:19:41 INFO WorkerWebUI: Bound WorkerWebUI to 127.0.0.1, and started at http://127.0.0.1:8081
17/06/14 10:19:41 INFO Worker: Connecting to master cai-HP-Pavilion-Notebook:7077...
17/06/14 10:19:41 INFO TransportClientFactory: Successfully created connection to cai-HP-Pavilion-Notebook/127.0.1.1:7077 after 24 ms (0 ms spent in bootstraps)
17/06/14 10:19:41 INFO Worker: Successfully registered with master spark://cai-HP-Pavilion-Notebook:7077
17/06/14 10:21:53 ERROR Worker: RECEIVED SIGNAL TERM
